<?xml version="1.0" encoding="UTF-8"?>
<!-- Generated by org.testng.reporters.JUnitXMLReporter -->
<testsuite ignored="1" hostname="Gautams-MacBook-Air.local" failures="1" tests="4" name="Free CRM Application Chrome Test Cases" time="27.212" errors="0" timestamp="12 Jun 2020 09:00:16 GMT">
  <testcase classname="com.crm.qa.TestCases.LoginPageTest" name="loginPageTitleTest" time="0.077"/>
  <testcase classname="com.crm.qa.TestCases.LoginPageTest" name="crmLogoImageTest" time="0.065">
    <skipped/>
  </testcase> <!-- crmLogoImageTest -->
  <testcase classname="com.crm.qa.TestCases.LoginPageTest" name="crmLogoImageTest" time="0.003">
    <skipped/>
  </testcase> <!-- crmLogoImageTest -->
  <testcase classname="com.crm.qa.TestCases.LoginPageTest" name="crmLogoImageTest" time="0.002">
    <failure type="java.lang.IllegalArgumentException" message="wrong number of arguments">
      <![CDATA[java.lang.IllegalArgumentException: wrong number of arguments
... Removed 25 stack frames]]>
    </failure>
  </testcase> <!-- crmLogoImageTest -->
  <testcase classname="com.crm.qa.TestCases.LoginPageTest" name="loginTest" time="0.0">
    <ignored/>
  </testcase> <!-- loginTest -->
</testsuite> <!-- Free CRM Application Chrome Test Cases -->
